<?xml version="1.0" encoding="UTF-8"?>
<!-- Generated by org.testng.reporters.JUnitReportReporter -->
<testsuite hostname="Lenovo-PC" name="SuiteTwo.SuiteTwoCaseOne" tests="2" failures="0" timestamp="23 May 2015 15:52:38 GMT" time="17.728" errors="0">
  <testcase name="SuiteTwoCaseOneTest" time="15.459" classname="SuiteTwo.SuiteTwoCaseOne"/>
  <testcase name="SuiteTwoCaseOneTest" time="2.269" classname="SuiteTwo.SuiteTwoCaseOne"/>
</testsuite> <!-- SuiteTwo.SuiteTwoCaseOne -->
