<?xml version="1.0" encoding="UTF-8"?>
<!-- Generated by org.testng.reporters.JUnitReportReporter -->
<testsuite hostname="Lenovo-PC" name="SuiteOne.SuiteOneCaseOne" tests="2" failures="0" timestamp="23 May 2015 15:52:38 GMT" time="17.113" errors="0">
  <testcase name="SuiteOneCaseOneTest" time="3.424" classname="SuiteOne.SuiteOneCaseOne"/>
  <testcase name="SuiteOneCaseOneTest" time="13.689" classname="SuiteOne.SuiteOneCaseOne"/>
</testsuite> <!-- SuiteOne.SuiteOneCaseOne -->
